[INFO] Scanning for projects...
[INFO] 
[INFO] --------------------------< com.example:demo >--------------------------
[INFO] Building  0.0.1-SNAPSHOT
[INFO]   from pom.xml
[INFO] --------------------------------[ jar ]---------------------------------
[INFO] 
[INFO] >>> spring-boot:3.5.16:run (default-cli) > test-compile @ demo >>>
[INFO] 
[INFO] --- resources:3.3.1:resources (default-resources) @ demo ---
[INFO] Copying 1 resource from src\main\resources to target\classes
[INFO] Copying 0 resource from src\main\resources to target\classes
[INFO] 
[INFO] --- compiler:3.14.1:compile (default-compile) @ demo ---
[INFO] Nothing to compile - all classes are up to date.
[INFO] 
[INFO] --- resources:3.3.1:testResources (default-testResources) @ demo ---
[INFO] skip non existing resourceDirectory C:\Users\THINKBOOK\Desktop\Menu\Programaçăo\cyber-core-main\backend\src\test\resources
[INFO] 
[INFO] --- compiler:3.14.1:testCompile (default-testCompile) @ demo ---
[INFO] Nothing to compile - all classes are up to date.
[INFO] 
[INFO] <<< spring-boot:3.5.16:run (default-cli) < test-compile @ demo <<<
[INFO] 
[INFO] 
[INFO] --- spring-boot:3.5.16:run (default-cli) @ demo ---
[INFO] Attaching agents: []

  .   ____          _            __ _ _
 /\\ / ___'_ __ _ _(_)_ __  __ _ \ \ \ \
( ( )\___ | '_ | '_| | '_ \/ _` | \ \ \ \
 \\/  ___)| |_)| | | | | || (_| |  ) ) ) )
  '  |____| .__|_| |_|_| |_\__, | / / / /
 =========|_|==============|___/=/_/_/_/

 :: Spring Boot ::               (v3.5.16)

2026-07-09T20:36:43.918+02:00  INFO 16744 --- [           main] com.example.demo.DemoApplication         : Starting DemoApplication using Java 21.0.1 with PID 16744 (C:\Users\THINKBOOK\Desktop\Menu\ProgramaĂ§ĂŁo\cyber-core-main\backend\target\classes started by THINKBOOK in C:\Users\THINKBOOK\Desktop\Menu\ProgramaĂ§ĂŁo\cyber-core-main\backend)
2026-07-09T20:36:43.922+02:00  INFO 16744 --- [           main] com.example.demo.DemoApplication         : No active profile set, falling back to 1 default profile: "default"
2026-07-09T20:36:46.556+02:00  INFO 16744 --- [           main] .s.d.r.c.RepositoryConfigurationDelegate : Bootstrapping Spring Data JPA repositories in DEFAULT mode.
2026-07-09T20:36:46.747+02:00  INFO 16744 --- [           main] .s.d.r.c.RepositoryConfigurationDelegate : Finished Spring Data repository scanning in 173 ms. Found 4 JPA repository interfaces.
2026-07-09T20:36:48.110+02:00  INFO 16744 --- [           main] o.s.b.w.embedded.tomcat.TomcatWebServer  : Tomcat initialized with port 8080 (http)
2026-07-09T20:36:48.142+02:00  INFO 16744 --- [           main] o.apache.catalina.core.StandardService   : Starting service [Tomcat]
2026-07-09T20:36:48.142+02:00  INFO 16744 --- [           main] o.apache.catalina.core.StandardEngine    : Starting Servlet engine: [Apache Tomcat/10.1.55]
2026-07-09T20:36:48.288+02:00  INFO 16744 --- [           main] o.a.c.c.C.[.[localhost].[/pms/v1]        : Initializing Spring embedded WebApplicationContext
2026-07-09T20:36:48.291+02:00  INFO 16744 --- [           main] w.s.c.ServletWebServerApplicationContext : Root WebApplicationContext: initialization completed in 4266 ms
2026-07-09T20:36:48.662+02:00  INFO 16744 --- [           main] o.hibernate.jpa.internal.util.LogHelper  : HHH000204: Processing PersistenceUnitInfo [name: default]
2026-07-09T20:36:48.775+02:00  INFO 16744 --- [           main] org.hibernate.Version                    : HHH000412: Hibernate ORM core version 6.6.53.Final
2026-07-09T20:36:48.854+02:00  INFO 16744 --- [           main] o.h.c.internal.RegionFactoryInitiator    : HHH000026: Second-level cache disabled
2026-07-09T20:36:49.452+02:00  INFO 16744 --- [           main] o.s.o.j.p.SpringPersistenceUnitInfo      : No LoadTimeWeaver setup: ignoring JPA class transformer
2026-07-09T20:36:49.507+02:00  INFO 16744 --- [           main] com.zaxxer.hikari.HikariDataSource       : HikariPool-1 - Starting...
2026-07-09T20:36:49.918+02:00  INFO 16744 --- [           main] com.zaxxer.hikari.pool.HikariPool        : HikariPool-1 - Added connection conn0: url=jdbc:h2:mem:cybercoredb user=SA
2026-07-09T20:36:49.924+02:00  INFO 16744 --- [           main] com.zaxxer.hikari.HikariDataSource       : HikariPool-1 - Start completed.
2026-07-09T20:36:49.983+02:00  WARN 16744 --- [           main] org.hibernate.orm.deprecation            : HHH90000025: H2Dialect does not need to be specified explicitly using 'hibernate.dialect' (remove the property setting and it will be selected by default)
2026-07-09T20:36:50.038+02:00  INFO 16744 --- [           main] org.hibernate.orm.connections.pooling    : HHH10001005: Database info:
	Database JDBC URL [Connecting through datasource 'HikariDataSource (HikariPool-1)']
	Database driver: undefined/unknown
	Database version: 2.3.232
	Autocommit mode: undefined/unknown
	Isolation level: undefined/unknown
	Minimum pool size: undefined/unknown
	Maximum pool size: undefined/unknown
2026-07-09T20:36:52.737+02:00  INFO 16744 --- [           main] o.h.e.t.j.p.i.JtaPlatformInitiator       : HHH000489: No JTA platform available (set 'hibernate.transaction.jta.platform' to enable JTA platform integration)
Hibernate: 
    create table notifications (
        id varchar(255) not null,
        created_at timestamp(6),
        entity_id varchar(255),
        entity_type varchar(255),
        message varchar(1000),
        read boolean not null,
        title varchar(255),
        type varchar(255),
        user_id varchar(255) not null,
        primary key (id)
    )
Hibernate: 
    create table project_members (
        project_id varchar(255) not null,
        member_email_or_id varchar(255)
    )
Hibernate: 
    create table projects (
        id varchar(255) not null,
        created_at timestamp(6),
        created_by varchar(255),
        deleted_by varchar(255),
        description varchar(2000),
        due_date varchar(255),
        last_accessed_at timestamp(6),
        name varchar(255) not null,
        responsible varchar(255),
        start_date varchar(255),
        status enum ('ACTIVE','COMPLETED','PAUSED'),
        updated_at timestamp(6),
        updated_by varchar(255),
        primary key (id)
    )
Hibernate: 
    create table tasks (
        id varchar(255) not null,
        assignee varchar(255),
        created_at timestamp(6),
        created_by varchar(255),
        deleted_by varchar(255),
        depends_on varchar(255),
        description varchar(2000),
        due_date varchar(255),
        last_accessed_at timestamp(6),
        name varchar(255) not null,
        priority enum ('CRITICAL_PRIORITY','HIGH_PRIORITY','LOW_PRIORITY','MEDIUM_PRIORITY'),
        project_id varchar(255) not null,
        status enum ('DONE','IN_PROGRESS','REVIEW','TODO'),
        updated_at timestamp(6),
        updated_by varchar(255),
        primary key (id)
    )
Hibernate: 
    create table users (
        id varchar(255) not null,
        created_at timestamp(6),
        email varchar(255) not null,
        full_name varchar(255),
        invite_token varchar(255),
        password varchar(255) not null,
        role varchar(255),
        status enum ('ACTIVE','DISABLED','INVITED'),
        updated_at timestamp(6),
        primary key (id)
    )
Hibernate: 
    alter table if exists users 
       drop constraint if exists UK6dotkott2kjsp8vw4d0m25fb7
Hibernate: 
    alter table if exists users 
       add constraint UK6dotkott2kjsp8vw4d0m25fb7 unique (email)
Hibernate: 
    alter table if exists project_members 
       add constraint FKdki1sp2homqsdcvqm9yrix31g 
       foreign key (project_id) 
       references projects
2026-07-09T20:36:53.127+02:00  INFO 16744 --- [           main] j.LocalContainerEntityManagerFactoryBean : Initialized JPA EntityManagerFactory for persistence unit 'default'
2026-07-09T20:36:55.154+02:00  INFO 16744 --- [           main] o.s.d.j.r.query.QueryEnhancerFactory     : Hibernate is in classpath; If applicable, HQL parser will be used.
2026-07-09T20:36:58.124+02:00  WARN 16744 --- [           main] JpaBaseConfiguration$JpaWebConfiguration : spring.jpa.open-in-view is enabled by default. Therefore, database queries may be performed during view rendering. Explicitly configure spring.jpa.open-in-view to disable this warning
2026-07-09T20:36:58.695+02:00  WARN 16744 --- [           main] .s.s.UserDetailsServiceAutoConfiguration : 

Using generated security password: bb144a38-af66-432f-8d90-4052a71123e9

This generated password is for development use only. Your security configuration must be updated before running your application in production.

2026-07-09T20:36:58.781+02:00  INFO 16744 --- [           main] r$InitializeUserDetailsManagerConfigurer : Global AuthenticationManager configured with UserDetailsService bean with name inMemoryUserDetailsManager
2026-07-09T20:37:00.314+02:00  INFO 16744 --- [           main] o.s.b.a.h2.H2ConsoleAutoConfiguration    : H2 console available at '/h2-console'. Database available at 'jdbc:h2:mem:cybercoredb'
2026-07-09T20:37:01.120+02:00  INFO 16744 --- [           main] o.s.b.w.embedded.tomcat.TomcatWebServer  : Tomcat started on port 8080 (http) with context path '/pms/v1'
2026-07-09T20:37:01.156+02:00  INFO 16744 --- [           main] com.example.demo.DemoApplication         : Started DemoApplication in 18.289 seconds (process running for 19.141)
Hibernate: 
    select
        count(*) 
    from
        users u1_0
Seeding database with demo data...
Hibernate: 
    insert 
    into
        users
        (created_at, email, full_name, invite_token, password, role, status, updated_at, id) 
    values
        (?, ?, ?, ?, ?, ?, ?, ?, ?)
Hibernate: 
    insert 
    into
        users
        (created_at, email, full_name, invite_token, password, role, status, updated_at, id) 
    values
        (?, ?, ?, ?, ?, ?, ?, ?, ?)
Hibernate: 
    insert 
    into
        projects
        (created_at, created_by, deleted_by, description, due_date, last_accessed_at, name, responsible, start_date, status, updated_at, updated_by, id) 
    values
        (?, ?, ?, ?, ?, ?, ?, ?, ?, ?, ?, ?, ?)
Hibernate: 
    insert 
    into
        project_members
        (project_id, member_email_or_id) 
    values
        (?, ?)
Hibernate: 
    insert 
    into
        project_members
        (project_id, member_email_or_id) 
    values
        (?, ?)
Hibernate: 
    insert 
    into
        tasks
        (assignee, created_at, created_by, deleted_by, depends_on, description, due_date, last_accessed_at, name, priority, project_id, status, updated_at, updated_by, id) 
    values
        (?, ?, ?, ?, ?, ?, ?, ?, ?, ?, ?, ?, ?, ?, ?)
Hibernate: 
    insert 
    into
        tasks
        (assignee, created_at, created_by, deleted_by, depends_on, description, due_date, last_accessed_at, name, priority, project_id, status, updated_at, updated_by, id) 
    values
        (?, ?, ?, ?, ?, ?, ?, ?, ?, ?, ?, ?, ?, ?, ?)
Hibernate: 
    insert 
    into
        tasks
        (assignee, created_at, created_by, deleted_by, depends_on, description, due_date, last_accessed_at, name, priority, project_id, status, updated_at, updated_by, id) 
    values
        (?, ?, ?, ?, ?, ?, ?, ?, ?, ?, ?, ?, ?, ?, ?)
Hibernate: 
    insert 
    into
        notifications
        (created_at, entity_id, entity_type, message, read, title, type, user_id, id) 
    values
        (?, ?, ?, ?, ?, ?, ?, ?, ?)
Hibernate: 
    insert 
    into
        notifications
        (created_at, entity_id, entity_type, message, read, title, type, user_id, id) 
    values
        (?, ?, ?, ?, ?, ?, ?, ?, ?)
Demo database seeded successfully!
2026-07-09T20:37:43.612+02:00  INFO 16744 --- [nio-8080-exec-1] o.a.c.c.C.[.[localhost].[/pms/v1]        : Initializing Spring DispatcherServlet 'dispatcherServlet'
2026-07-09T20:37:43.616+02:00  INFO 16744 --- [nio-8080-exec-1] o.s.web.servlet.DispatcherServlet        : Initializing Servlet 'dispatcherServlet'
2026-07-09T20:37:43.674+02:00  INFO 16744 --- [nio-8080-exec-1] o.s.web.servlet.DispatcherServlet        : Completed initialization in 58 ms
Hibernate: 
    select
        u1_0.id,
        u1_0.created_at,
        u1_0.email,
        u1_0.full_name,
        u1_0.invite_token,
        u1_0.password,
        u1_0.role,
        u1_0.status,
        u1_0.updated_at 
    from
        users u1_0 
    where
        u1_0.email=?
Hibernate: 
    select
        u1_0.id,
        u1_0.created_at,
        u1_0.email,
        u1_0.full_name,
        u1_0.invite_token,
        u1_0.password,
        u1_0.role,
        u1_0.status,
        u1_0.updated_at 
    from
        users u1_0 
    where
        u1_0.email=?
Hibernate: 
    insert 
    into
        users
        (created_at, email, full_name, invite_token, password, role, status, updated_at, id) 
    values
        (?, ?, ?, ?, ?, ?, ?, ?, ?)
Hibernate: 
    select
        u1_0.id,
        u1_0.created_at,
        u1_0.email,
        u1_0.full_name,
        u1_0.invite_token,
        u1_0.password,
        u1_0.role,
        u1_0.status,
        u1_0.updated_at 
    from
        users u1_0
Hibernate: 
    select
        p1_0.id,
        p1_0.created_at,
        p1_0.created_by,
        p1_0.deleted_by,
        p1_0.description,
        p1_0.due_date,
        p1_0.last_accessed_at,
        p1_0.name,
        p1_0.responsible,
        p1_0.start_date,
        p1_0.status,
        p1_0.updated_at,
        p1_0.updated_by 
    from
        projects p1_0
Hibernate: 
    select
        n1_0.id,
        n1_0.created_at,
        n1_0.entity_id,
        n1_0.entity_type,
        n1_0.message,
        n1_0.read,
        n1_0.title,
        n1_0.type,
        n1_0.user_id 
    from
        notifications n1_0 
    where
        n1_0.user_id=? 
    order by
        n1_0.created_at desc
Hibernate: 
    select
        count(n1_0.id) 
    from
        notifications n1_0 
    where
        n1_0.user_id=? 
        and not(n1_0.read)
Hibernate: 
    select
        m1_0.project_id,
        m1_0.member_email_or_id 
    from
        project_members m1_0 
    where
        m1_0.project_id=?
Hibernate: 
    select
        n1_0.id,
        n1_0.created_at,
        n1_0.entity_id,
        n1_0.entity_type,
        n1_0.message,
        n1_0.read,
        n1_0.title,
        n1_0.type,
        n1_0.user_id 
    from
        notifications n1_0 
    where
        n1_0.user_id=? 
    order by
        n1_0.created_at desc
Hibernate: 
    select
        count(n1_0.id) 
    from
        notifications n1_0 
    where
        n1_0.user_id=? 
        and not(n1_0.read)
Hibernate: 
    select
        t1_0.id,
        t1_0.assignee,
        t1_0.created_at,
        t1_0.created_by,
        t1_0.deleted_by,
        t1_0.depends_on,
        t1_0.description,
        t1_0.due_date,
        t1_0.last_accessed_at,
        t1_0.name,
        t1_0.priority,
        t1_0.project_id,
        t1_0.status,
        t1_0.updated_at,
        t1_0.updated_by 
    from
        tasks t1_0 
    where
        (
            ? is null 
            or t1_0.project_id=?
        ) 
        and (
            ? is null 
            or t1_0.assignee=?
        ) 
        and (
            ? is null 
            or t1_0.status=?
        )
Hibernate: 
    select
        count(n1_0.id) 
    from
        notifications n1_0 
    where
        n1_0.user_id=? 
        and not(n1_0.read)
Hibernate: 
    select
        n1_0.id,
        n1_0.created_at,
        n1_0.entity_id,
        n1_0.entity_type,
        n1_0.message,
        n1_0.read,
        n1_0.title,
        n1_0.type,
        n1_0.user_id 
    from
        notifications n1_0 
    where
        n1_0.user_id=? 
    order by
        n1_0.created_at desc
Hibernate: 
    select
        u1_0.id,
        u1_0.created_at,
        u1_0.email,
        u1_0.full_name,
        u1_0.invite_token,
        u1_0.password,
        u1_0.role,
        u1_0.status,
        u1_0.updated_at 
    from
        users u1_0 
    where
        u1_0.email=?
Hibernate: 
    insert 
    into
        users
        (created_at, email, full_name, invite_token, password, role, status, updated_at, id) 
    values
        (?, ?, ?, ?, ?, ?, ?, ?, ?)
Hibernate: 
    select
        n1_0.id,
        n1_0.created_at,
        n1_0.entity_id,
        n1_0.entity_type,
        n1_0.message,
        n1_0.read,
        n1_0.title,
        n1_0.type,
        n1_0.user_id 
    from
        notifications n1_0 
    where
        n1_0.user_id=? 
    order by
        n1_0.created_at desc
Hibernate: 
    select
        count(n1_0.id) 
    from
        notifications n1_0 
    where
        n1_0.user_id=? 
        and not(n1_0.read)
Hibernate: 
    select
        u1_0.id,
        u1_0.created_at,
        u1_0.email,
        u1_0.full_name,
        u1_0.invite_token,
        u1_0.password,
        u1_0.role,
        u1_0.status,
        u1_0.updated_at 
    from
        users u1_0 
    where
        u1_0.email=?
Hibernate: 
    select
        p1_0.id,
        p1_0.created_at,
        p1_0.created_by,
        p1_0.deleted_by,
        p1_0.description,
        p1_0.due_date,
        p1_0.last_accessed_at,
        p1_0.name,
        p1_0.responsible,
        p1_0.start_date,
        p1_0.status,
        p1_0.updated_at,
        p1_0.updated_by 
    from
        projects p1_0
Hibernate: 
    select
        u1_0.id,
        u1_0.created_at,
        u1_0.email,
        u1_0.full_name,
        u1_0.invite_token,
        u1_0.password,
        u1_0.role,
        u1_0.status,
        u1_0.updated_at 
    from
        users u1_0
Hibernate: 
    select
        m1_0.project_id,
        m1_0.member_email_or_id 
    from
        project_members m1_0 
    where
        m1_0.project_id=?
Hibernate: 
    select
        t1_0.id,
        t1_0.assignee,
        t1_0.created_at,
        t1_0.created_by,
        t1_0.deleted_by,
        t1_0.depends_on,
        t1_0.description,
        t1_0.due_date,
        t1_0.last_accessed_at,
        t1_0.name,
        t1_0.priority,
        t1_0.project_id,
        t1_0.status,
        t1_0.updated_at,
        t1_0.updated_by 
    from
        tasks t1_0 
    where
        (
            ? is null 
            or t1_0.project_id=?
        ) 
        and (
            ? is null 
            or t1_0.assignee=?
        ) 
        and (
            ? is null 
            or t1_0.status=?
        )
Hibernate: 
    select
        count(n1_0.id) 
    from
        notifications n1_0 
    where
        n1_0.user_id=? 
        and not(n1_0.read)
Hibernate: 
    select
        n1_0.id,
        n1_0.created_at,
        n1_0.entity_id,
        n1_0.entity_type,
        n1_0.message,
        n1_0.read,
        n1_0.title,
        n1_0.type,
        n1_0.user_id 
    from
        notifications n1_0 
    where
        n1_0.user_id=? 
    order by
        n1_0.created_at desc
Hibernate: 
    select
        count(n1_0.id) 
    from
        notifications n1_0 
    where
        n1_0.user_id=? 
        and not(n1_0.read)
Hibernate: 
    select
        n1_0.id,
        n1_0.created_at,
        n1_0.entity_id,
        n1_0.entity_type,
        n1_0.message,
        n1_0.read,
        n1_0.title,
        n1_0.type,
        n1_0.user_id 
    from
        notifications n1_0 
    where
        n1_0.user_id=? 
    order by
        n1_0.created_at desc
Hibernate: 
    select
        n1_0.id,
        n1_0.created_at,
        n1_0.entity_id,
        n1_0.entity_type,
        n1_0.message,
        n1_0.read,
        n1_0.title,
        n1_0.type,
        n1_0.user_id 
    from
        notifications n1_0 
    where
        n1_0.user_id=? 
    order by
        n1_0.created_at desc
Hibernate: 
    select
        count(n1_0.id) 
    from
        notifications n1_0 
    where
        n1_0.user_id=? 
        and not(n1_0.read)
Hibernate: 
    select
        count(n1_0.id) 
    from
        notifications n1_0 
    where
        n1_0.user_id=? 
        and not(n1_0.read)
Hibernate: 
    select
        n1_0.id,
        n1_0.created_at,
        n1_0.entity_id,
        n1_0.entity_type,
        n1_0.message,
        n1_0.read,
        n1_0.title,
        n1_0.type,
        n1_0.user_id 
    from
        notifications n1_0 
    where
        n1_0.user_id=? 
    order by
        n1_0.created_at desc
Hibernate: 
    select
        n1_0.id,
        n1_0.created_at,
        n1_0.entity_id,
        n1_0.entity_type,
        n1_0.message,
        n1_0.read,
        n1_0.title,
        n1_0.type,
        n1_0.user_id 
    from
        notifications n1_0 
    where
        n1_0.user_id=? 
    order by
        n1_0.created_at desc
Hibernate: 
    select
        count(n1_0.id) 
    from
        notifications n1_0 
    where
        n1_0.user_id=? 
        and not(n1_0.read)
